<?xml version="1.0" encoding="UTF-8" ?>
<testsuite failures="1" time="0.049" errors="0" skipped="0" tests="1" name="ui.ParserTest">
  <properties>
[...]
</properties>
  <testcase time="0.044" classname="ui.ParserTest" name="ui.ParserTest.testDanceTrue">
    <failure message="org/junit/Assert" type="java.lang.NoClassDefFoundError">java.lang.NoClassDefFoundError: org/junit/Assert
	at ui.ParserTest.testDanceTrue(ParserTest.java:26)
Caused by: java.lang.ClassNotFoundException: org.junit.Assert
	at java.net.URLClassLoader$1.run(URLClassLoader.java:202)
	at java.security.AccessController.doPrivileged(Native Method)
	at java.net.URLClassLoader.findClass(URLClassLoader.java:190)
	at java.lang.ClassLoader.loadClass(ClassLoader.java:306)
	at sun.misc.Launcher$AppClassLoader.loadClass(Launcher.java:301)
	at java.lang.ClassLoader.loadClass(ClassLoader.java:247)
	... 19 more
</failure>
    <system-out>@HL
@HL-------------------------------------------------------
@HL T E S T S
@HL-------------------------------------------------------
@SLRunning ui.ParserTest
</system-out>
  </testcase>
</testsuite>